<?xml version="1.0" encoding="UTF-8"?>
<testsuite tests="1" failures="0" time="1" errors="0" name="failure">
  <testcase name="failure rapport" classname="Results"> 
    <failure type="ScriptFailure">@MSG@</failure>
  </testcase>
</testsuite> 
