<?xml version="1.0" encoding="UTF-8"?>
<testsuite tests="1" failures="0" time="1" errors="0" name="dummy test">
  <testcase name="dummy rapport" classname="Results" /> 
</testsuite> 
